<?xml version="1.0" encoding="UTF-8"?>
<!-- Generated by org.testng.reporters.JUnitReportReporter -->
<testsuite skipped="0" hostname="CSW-LIUYL2384" name="liuAppiumTutorial.AppiumTest" tests="2" failures="0" timestamp="2020-03-16T09:26:26 SGT" time="0.005" errors="0">
  <testcase name="nativeAppAndroid" time="0.001" classname="liuAppiumTutorial.AppiumTest"/>
  <system-out/>
  <testcase name="iosApp" time="0.004" classname="liuAppiumTutorial.AppiumTest"/>
  <system-out/>
</testsuite> <!-- liuAppiumTutorial.AppiumTest -->
