<?xml version="1.0" encoding="UTF-8"?>
<!-- Generated by org.testng.reporters.JUnitReportReporter -->
<testsuite skipped="0" hostname="CSW-LIUYL2384" name="liuAppiumTutorial.RestApiTest" tests="2" failures="0" timestamp="2020-03-16T09:26:40 SGT" time="0.001" errors="0">
  <testcase name="deleteTwitter" time="0.000" classname="liuAppiumTutorial.RestApiTest"/>
  <system-out/>
  <testcase name="postJira" time="0.001" classname="liuAppiumTutorial.RestApiTest"/>
  <system-out/>
</testsuite> <!-- liuAppiumTutorial.RestApiTest -->
